# JRE version: OpenJDK Runtime Environment (11.0.2+9) (build 11.0.2+9)
# Java VM: OpenJDK 64-Bit Server VM (11.0.2+9, mixed mode, tiered, compressed oops, g1 gc, windows-amd64)
Heap:
 garbage-first heap   total 1179648K, used 204713K [0x0000000700000000, 0x0000000800000000)
  region size 1024K, 12 young (12288K), 12 survivors (12288K)
 Metaspace       used 44243K, capacity 45011K, committed 45308K, reserved 1089536K
  class space    used 4728K, capacity 5063K, committed 5116K, reserved 1048576K
GC Heap History (10 events):
Event: 38.080 GC heap after
{Heap after GC invocations=26 (full 0):
 garbage-first heap   total 178176K, used 149036K [0x0000000700000000, 0x0000000800000000)
  region size 1024K, 1 young (1024K), 1 survivors (1024K)
 Metaspace       used 42812K, capacity 43550K, committed 43772K, reserved 1087488K
  class space    used 4653K, capacity 4962K, committed 5116K, reserved 1048576K
}
Event: 38.099 GC heap before
{Heap before GC invocations=26 (full 0):
 garbage-first heap   total 178176K, used 156204K [0x0000000700000000, 0x0000000800000000)
  region size 1024K, 8 young (8192K), 1 survivors (1024K)
 Metaspace       used 42824K, capacity 43550K, committed 43772K, reserved 1087488K
  class space    used 4653K, capacity 4962K, committed 5116K, reserved 1048576K
}
Event: 38.106 GC heap after
{Heap after GC invocations=27 (full 0):
 garbage-first heap   total 393216K, used 134547K [0x0000000700000000, 0x0000000800000000)
  region size 1024K, 1 young (1024K), 1 survivors (1024K)
 Metaspace       used 42824K, capacity 43550K, committed 43772K, reserved 1087488K
  class space    used 4653K, capacity 4962K, committed 5116K, reserved 1048576K
}
Event: 38.236 GC heap before
{Heap before GC invocations=27 (full 0):
 garbage-first heap   total 393216K, used 211347K [0x0000000700000000, 0x0000000800000000)
  region size 1024K, 76 young (77824K), 1 survivors (1024K)
 Metaspace       used 42827K, capacity 43614K, committed 44028K, reserved 1087488K
  class space    used 4653K, capacity 4962K, committed 5116K, reserved 1048576K
}
Event: 38.247 GC heap after
{Heap after GC invocations=28 (full 0):
 garbage-first heap   total 393216K, used 145718K [0x0000000700000000, 0x0000000800000000)
  region size 1024K, 10 young (10240K), 10 survivors (10240K)
 Metaspace       used 42827K, capacity 43614K, committed 44028K, reserved 1087488K
  class space    used 4653K, capacity 4962K, committed 5116K, reserved 1048576K
}
Event: 38.715 GC heap before
{Heap before GC invocations=28 (full 0):
 garbage-first heap   total 393216K, used 247094K [0x0000000700000000, 0x0000000800000000)
  region size 1024K, 97 young (99328K), 10 survivors (10240K)
 Metaspace       used 44029K, capacity 44817K, committed 45052K, reserved 1089536K
  class space    used 4728K, capacity 5063K, committed 5116K, reserved 1048576K
}
Event: 38.746 GC heap after
{Heap after GC invocations=29 (full 0):
 garbage-first heap   total 393216K, used 185958K [0x0000000700000000, 0x0000000800000000)
  region size 1024K, 13 young (13312K), 13 survivors (13312K)
 Metaspace       used 44029K, capacity 44817K, committed 45052K, reserved 1089536K
  class space    used 4728K, capacity 5063K, committed 5116K, reserved 1048576K
}
Event: 38.904 GC heap before
{Heap before GC invocations=29 (full 0):
 garbage-first heap   total 393216K, used 212582K [0x0000000700000000, 0x0000000800000000)
  region size 1024K, 37 young (37888K), 13 survivors (13312K)
 Metaspace       used 44084K, capacity 44819K, committed 45052K, reserved 1089536K
  class space    used 4728K, capacity 5063K, committed 5116K, reserved 1048576K
}
Event: 38.930 GC heap after
{Heap after GC invocations=30 (full 0):
 garbage-first heap   total 393216K, used 197959K [0x0000000700000000, 0x0000000800000000)
  region size 1024K, 12 young (12288K), 12 survivors (12288K)
 Metaspace       used 44084K, capacity 44819K, committed 45052K, reserved 1089536K
  class space    used 4728K, capacity 5063K, committed 5116K, reserved 1048576K
}
Event: 39.191 GC heap before
{Heap before GC invocations=31 (full 0):
 garbage-first heap   total 393216K, used 279879K [0x0000000700000000, 0x0000000800000000)
  region size 1024K, 93 young (95232K), 12 survivors (12288K)
 Metaspace       used 44243K, capacity 45011K, committed 45308K, reserved 1089536K
  class space    used 4728K, capacity 5063K, committed 5116K, reserved 1048576K
}

