# JRE version: OpenJDK Runtime Environment (11.0.2+9) (build 11.0.2+9)
# Java VM: OpenJDK 64-Bit Server VM (11.0.2+9, mixed mode, tiered, compressed oops, g1 gc, windows-amd64)
Heap:
 garbage-first heap   total 1093632K, used 192044K [0x0000000700000000, 0x0000000800000000)
  region size 1024K, 12 young (12288K), 12 survivors (12288K)
 Metaspace       used 44432K, capacity 45206K, committed 45304K, reserved 1089536K
  class space    used 4728K, capacity 5063K, committed 5120K, reserved 1048576K
GC Heap History (10 events):
Event: 106.492 GC heap after
{Heap after GC invocations=30 (full 0):
 garbage-first heap   total 168960K, used 159858K [0x0000000700000000, 0x0000000800000000)
  region size 1024K, 1 young (1024K), 1 survivors (1024K)
 Metaspace       used 43123K, capacity 43938K, committed 44152K, reserved 1089536K
  class space    used 4653K, capacity 4962K, committed 4992K, reserved 1048576K
}
Event: 106.503 GC heap before
{Heap before GC invocations=30 (full 0):
 garbage-first heap   total 168960K, used 167026K [0x0000000700000000, 0x0000000800000000)
  region size 1024K, 8 young (8192K), 1 survivors (1024K)
 Metaspace       used 43123K, capacity 43938K, committed 44152K, reserved 1089536K
  class space    used 4653K, capacity 4962K, committed 4992K, reserved 1048576K
}
Event: 106.512 GC heap after
{Heap after GC invocations=31 (full 0):
 garbage-first heap   total 386048K, used 161355K [0x0000000700000000, 0x0000000800000000)
  region size 1024K, 1 young (1024K), 1 survivors (1024K)
 Metaspace       used 43123K, capacity 43938K, committed 44152K, reserved 1089536K
  class space    used 4653K, capacity 4962K, committed 4992K, reserved 1048576K
}
Event: 106.641 GC heap before
{Heap before GC invocations=32 (full 0):
 garbage-first heap   total 386048K, used 208459K [0x0000000700000000, 0x0000000800000000)
  region size 1024K, 69 young (70656K), 1 survivors (1024K)
 Metaspace       used 43139K, capacity 43938K, committed 44152K, reserved 1089536K
  class space    used 4653K, capacity 4962K, committed 4992K, reserved 1048576K
}
Event: 106.650 GC heap after
{Heap after GC invocations=33 (full 0):
 garbage-first heap   total 386048K, used 151474K [0x0000000700000000, 0x0000000800000000)
  region size 1024K, 9 young (9216K), 9 survivors (9216K)
 Metaspace       used 43139K, capacity 43938K, committed 44152K, reserved 1089536K
  class space    used 4653K, capacity 4962K, committed 4992K, reserved 1048576K
}
Event: 106.660 GC heap before
{Heap before GC invocations=33 (full 0):
 garbage-first heap   total 386048K, used 160690K [0x0000000700000000, 0x0000000800000000)
  region size 1024K, 18 young (18432K), 9 survivors (9216K)
 Metaspace       used 43139K, capacity 43938K, committed 44152K, reserved 1089536K
  class space    used 4653K, capacity 4962K, committed 4992K, reserved 1048576K
}
Event: 106.664 GC heap after
{Heap after GC invocations=34 (full 0):
 garbage-first heap   total 386048K, used 134213K [0x0000000700000000, 0x0000000800000000)
  region size 1024K, 3 young (3072K), 3 survivors (3072K)
 Metaspace       used 43139K, capacity 43938K, committed 44152K, reserved 1089536K
  class space    used 4653K, capacity 4962K, committed 4992K, reserved 1048576K
}
Event: 107.389 GC heap before
{Heap before GC invocations=34 (full 0):
 garbage-first heap   total 386048K, used 230469K [0x0000000700000000, 0x0000000800000000)
  region size 1024K, 85 young (87040K), 3 survivors (3072K)
 Metaspace       used 44338K, capacity 45142K, committed 45304K, reserved 1089536K
  class space    used 4728K, capacity 5063K, committed 5120K, reserved 1048576K
}
Event: 107.402 GC heap after
{Heap after GC invocations=35 (full 0):
 garbage-first heap   total 386048K, used 174869K [0x0000000700000000, 0x0000000800000000)
  region size 1024K, 11 young (11264K), 11 survivors (11264K)
 Metaspace       used 44338K, capacity 45142K, committed 45304K, reserved 1089536K
  class space    used 4728K, capacity 5063K, committed 5120K, reserved 1048576K
}
Event: 107.517 GC heap before
{Heap before GC invocations=35 (full 0):
 garbage-first heap   total 386048K, used 208661K [0x0000000700000000, 0x0000000800000000)
  region size 1024K, 38 young (38912K), 11 survivors (11264K)
 Metaspace       used 44432K, capacity 45206K, committed 45304K, reserved 1089536K
  class space    used 4728K, capacity 5063K, committed 5120K, reserved 1048576K
}

